c:\users\kevin\desktop\city-builder-master\city-builder\x64\debug\vc141.pdb
c:\users\kevin\desktop\city-builder-master\city-builder\x64\debug\vc141.idb
c:\users\kevin\desktop\city-builder-master\city-builder\x64\debug\kmath.obj
c:\users\kevin\desktop\city-builder-master\city-builder\x64\debug\game.obj
c:\users\kevin\desktop\city-builder-master\city-builder\x64\debug\city.obj
c:\users\kevin\desktop\city-builder-master\city-builder\x64\debug\game-state-editor.obj
c:\users\kevin\desktop\city-builder-master\city-builder\x64\debug\game-state-start.obj
c:\users\kevin\desktop\city-builder-master\city-builder\x64\debug\gui.obj
c:\users\kevin\desktop\city-builder-master\city-builder\x64\debug\main.obj
c:\users\kevin\desktop\city-builder-master\city-builder\x64\debug\texture-manager.obj
c:\users\kevin\desktop\city-builder-master\city-builder\x64\debug\tile.obj
c:\users\kevin\desktop\city-builder-master\city-builder\x64\debug\world.obj
c:\users\kevin\desktop\city-builder-master\city-builder\x64\debug\animation-handler.obj
c:\users\kevin\desktop\city-builder-master\x64\debug\city-builder.pdb
c:\users\kevin\desktop\city-builder-master\city-builder\x64\debug\city-builder.tlog\cl.command.1.tlog
c:\users\kevin\desktop\city-builder-master\city-builder\x64\debug\city-builder.tlog\cl.read.1.tlog
c:\users\kevin\desktop\city-builder-master\city-builder\x64\debug\city-builder.tlog\cl.write.1.tlog
c:\users\kevin\desktop\city-builder-master\city-builder\x64\debug\city-builder.tlog\link-cvtres.read.1.tlog
c:\users\kevin\desktop\city-builder-master\city-builder\x64\debug\city-builder.tlog\link-cvtres.write.1.tlog
c:\users\kevin\desktop\city-builder-master\city-builder\x64\debug\city-builder.tlog\link-rc.read.1.tlog
c:\users\kevin\desktop\city-builder-master\city-builder\x64\debug\city-builder.tlog\link-rc.write.1.tlog
c:\users\kevin\desktop\city-builder-master\city-builder\x64\debug\city-builder.tlog\link.command.1.tlog
c:\users\kevin\desktop\city-builder-master\city-builder\x64\debug\city-builder.tlog\link.read.1.tlog
c:\users\kevin\desktop\city-builder-master\city-builder\x64\debug\city-builder.tlog\link.write.1.tlog
